graph_dir is:  /bigtemp/rgq5aw/graphDatasets/
Command [ sssp ] is running ...
OMP_NUM_THREADS=72 /u/rgq5aw/GIT/GraphBrew/bench/bin/sssp -f /bigtemp/rgq5aw/graphDatasets/SLJ1/graph_0.sg -n10
output is: 
Read Time:           5.85955
Graph has 4847571 nodes and 68475391 directed edges for degree: 14 Estimated size: 298 MB
Trial Time:          0.06597
Trial Time:          0.06081
Trial Time:          0.06189
Trial Time:          0.06059
Trial Time:          0.06032
Trial Time:          0.05953
Trial Time:          0.05984
Trial Time:          0.06028
Trial Time:          0.05985
Trial Time:          0.05990
Average Time:        0.06090

error is: 

-------------------------------------------------
OMP_NUM_THREADS=72 /u/rgq5aw/GIT/GraphBrew/bench/bin/sssp -f /bigtemp/rgq5aw/graphDatasets/SLJ1/graph_5.sg -n10
output is: 
Read Time:           5.84400
Graph has 4847571 nodes and 68475391 directed edges for degree: 14 Estimated size: 298 MB
Trial Time:          0.06395
Trial Time:          0.05494
Trial Time:          0.05479
Trial Time:          0.05479
Trial Time:          0.05476
Trial Time:          0.05419
Trial Time:          0.05494
Trial Time:          0.05482
Trial Time:          0.05443
Trial Time:          0.05490
Average Time:        0.05565

error is: 

-------------------------------------------------
OMP_NUM_THREADS=72 /u/rgq5aw/GIT/GraphBrew/bench/bin/sssp -f /bigtemp/rgq5aw/graphDatasets/SLJ1/graph_8.sg -n10
output is: 
Read Time:           5.87250
Graph has 4847571 nodes and 68475391 directed edges for degree: 14 Estimated size: 298 MB
Trial Time:          0.05009
Trial Time:          0.04634
Trial Time:          0.04696
Trial Time:          0.04609
Trial Time:          0.04565
Trial Time:          0.04630
Trial Time:          0.04584
Trial Time:          0.04607
Trial Time:          0.04585
Trial Time:          0.04606
Average Time:        0.04653

error is: 

-------------------------------------------------
OMP_NUM_THREADS=72 /u/rgq5aw/GIT/GraphBrew/bench/bin/sssp -f /bigtemp/rgq5aw/graphDatasets/SLJ1/graph_9.sg -n10
output is: 
Read Time:           6.11178
Graph has 4847571 nodes and 68475391 directed edges for degree: 14 Estimated size: 298 MB
Trial Time:          0.04736
Trial Time:          0.04296
Trial Time:          0.04286
Trial Time:          0.04211
Trial Time:          0.04171
Trial Time:          0.04178
Trial Time:          0.04166
Trial Time:          0.04184
Trial Time:          0.04174
Trial Time:          0.04184
Average Time:        0.04259

error is: 

-------------------------------------------------
OMP_NUM_THREADS=72 /u/rgq5aw/GIT/GraphBrew/bench/bin/sssp -f /bigtemp/rgq5aw/graphDatasets/SLJ1/graph_10.sg -n10
output is: 
Read Time:           6.24844
Graph has 4847571 nodes and 68475391 directed edges for degree: 14 Estimated size: 298 MB
Trial Time:          0.06484
Trial Time:          0.06071
Trial Time:          0.05994
Trial Time:          0.06030
Trial Time:          0.05945
Trial Time:          0.05959
Trial Time:          0.05945
Trial Time:          0.05986
Trial Time:          0.05921
Trial Time:          0.05966
Average Time:        0.06030

error is: 

-------------------------------------------------
OMP_NUM_THREADS=72 /u/rgq5aw/GIT/GraphBrew/bench/bin/sssp -f /bigtemp/rgq5aw/graphDatasets/SLJ1/graph_11.sg -n10
output is: 
Read Time:           6.06144
Graph has 4846609 nodes and 68475391 directed edges for degree: 14 Estimated size: 298 MB
Trial Time:          0.04942
Trial Time:          0.04446
Trial Time:          0.04472
Trial Time:          0.04510
Trial Time:          0.04427
Trial Time:          0.04411
Trial Time:          0.04404
Trial Time:          0.04423
Trial Time:          0.04434
Trial Time:          0.04422
Average Time:        0.04489

error is: 

-------------------------------------------------
OMP_NUM_THREADS=72 /u/rgq5aw/GIT/GraphBrew/bench/bin/sssp -f /bigtemp/rgq5aw/graphDatasets/SLJ1/graph_12.sg -n10
output is: 
Read Time:           6.11075
Graph has 4847571 nodes and 68475391 directed edges for degree: 14 Estimated size: 298 MB
Trial Time:          0.06199
Trial Time:          0.05580
Trial Time:          0.05716
Trial Time:          0.05505
Trial Time:          0.05572
Trial Time:          0.05488
Trial Time:          0.05484
Trial Time:          0.05535
Trial Time:          0.05513
Trial Time:          0.05543
Average Time:        0.05614

error is: 

-------------------------------------------------
OMP_NUM_THREADS=72 /u/rgq5aw/GIT/GraphBrew/bench/bin/sssp -f /bigtemp/rgq5aw/graphDatasets/SLJ1/graph_13.sg -n10
output is: 
Read Time:           5.96865
Graph has 4847571 nodes and 68475391 directed edges for degree: 14 Estimated size: 298 MB
Trial Time:          0.05595
Trial Time:          0.05183
Trial Time:          0.05191
Trial Time:          0.05047
Trial Time:          0.05069
Trial Time:          0.05072
Trial Time:          0.05057
Trial Time:          0.05072
Trial Time:          0.05064
Trial Time:          0.05080
Average Time:        0.05143

error is: 

-------------------------------------------------
OMP_NUM_THREADS=72 /u/rgq5aw/GIT/GraphBrew/bench/bin/sssp -f /bigtemp/rgq5aw/graphDatasets/RD/graph_0.sg -n10
output is: 
Read Time:           9.02369
Graph has 23947347 nodes and 57708624 directed edges for degree: 2 Estimated size: 402 MB
Trial Time:          2.11043
Trial Time:          1.78274
Trial Time:          1.84970
Trial Time:          1.84343
Trial Time:          1.71188
Trial Time:          1.86917
Trial Time:          1.27574
Trial Time:          1.03443
Trial Time:          1.37263
Trial Time:          1.23148
Average Time:        1.60816

error is: 

-------------------------------------------------
OMP_NUM_THREADS=72 /u/rgq5aw/GIT/GraphBrew/bench/bin/sssp -f /bigtemp/rgq5aw/graphDatasets/RD/graph_5.sg -n10
output is: 
Read Time:           8.48041
Graph has 23947347 nodes and 57708624 directed edges for degree: 2 Estimated size: 402 MB
Trial Time:          1.81176
Trial Time:          2.07890
Trial Time:          1.83705
Trial Time:          1.41997
Trial Time:          1.07211
Trial Time:          1.84051
Trial Time:          1.87839
Trial Time:          1.86544
Trial Time:          1.31883
Trial Time:          1.45501
Average Time:        1.65780

error is: 

-------------------------------------------------
OMP_NUM_THREADS=72 /u/rgq5aw/GIT/GraphBrew/bench/bin/sssp -f /bigtemp/rgq5aw/graphDatasets/RD/graph_8.sg -n10
output is: 
Read Time:           8.58316
Graph has 23947347 nodes and 57708624 directed edges for degree: 2 Estimated size: 402 MB
Trial Time:          1.72935
Trial Time:          1.98656
Trial Time:          1.38457
Trial Time:          1.81375
Trial Time:          1.41496
Trial Time:          1.25576
Trial Time:          1.70432
Trial Time:          1.82865
Trial Time:          1.82414
Trial Time:          1.90295
Average Time:        1.68450

error is: 

-------------------------------------------------
OMP_NUM_THREADS=72 /u/rgq5aw/GIT/GraphBrew/bench/bin/sssp -f /bigtemp/rgq5aw/graphDatasets/RD/graph_9.sg -n10
output is: 
Read Time:           9.48998
Graph has 23947347 nodes and 57708624 directed edges for degree: 2 Estimated size: 402 MB
Trial Time:          1.99682
Trial Time:          1.75844
Trial Time:          1.61671
Trial Time:          1.83427
Trial Time:          1.71712
Trial Time:          1.55863
Trial Time:          1.82784
Trial Time:          1.49966
Trial Time:          1.27395
Trial Time:          1.84764
Average Time:        1.69311

error is: 

-------------------------------------------------
OMP_NUM_THREADS=72 /u/rgq5aw/GIT/GraphBrew/bench/bin/sssp -f /bigtemp/rgq5aw/graphDatasets/RD/graph_10.sg -n10
output is: 
Read Time:           8.52044
Graph has 23947347 nodes and 57708624 directed edges for degree: 2 Estimated size: 402 MB
Trial Time:          2.09505
Trial Time:          1.77331
Trial Time:          1.83797
Trial Time:          1.81705
Trial Time:          1.69830
Trial Time:          1.87078
Trial Time:          1.27469
Trial Time:          1.03211
Trial Time:          1.41221
Trial Time:          1.24214
Average Time:        1.60536

error is: 

-------------------------------------------------
OMP_NUM_THREADS=72 /u/rgq5aw/GIT/GraphBrew/bench/bin/sssp -f /bigtemp/rgq5aw/graphDatasets/RD/graph_11.sg -n10
output is: 
Read Time:           8.29976
Graph has 23947347 nodes and 57708624 directed edges for degree: 2 Estimated size: 402 MB
Trial Time:          1.74283
Trial Time:          1.96726
Trial Time:          1.83967
Trial Time:          1.83513
Trial Time:          1.91145
Trial Time:          1.91719
Trial Time:          1.91812
Trial Time:          1.85145
Trial Time:          1.71393
Trial Time:          1.61275
Average Time:        1.83098

error is: 

-------------------------------------------------
OMP_NUM_THREADS=72 /u/rgq5aw/GIT/GraphBrew/bench/bin/sssp -f /bigtemp/rgq5aw/graphDatasets/RD/graph_12.sg -n10
